[18-Oct-2018 05:40:30 UTC] PHP Warning:  fgets() expects parameter 1 to be resource, null given in /home/ubuntu/workspace/files/fopen.php on line 21
[18-Oct-2018 05:40:30 UTC] PHP Stack trace:
[18-Oct-2018 05:40:30 UTC] PHP   1. {main}() /home/ubuntu/workspace/files/fopen.php:0
[18-Oct-2018 05:40:30 UTC] PHP   2. fgets() /home/ubuntu/workspace/files/fopen.php:21
[18-Oct-2018 05:40:30 UTC] PHP Warning:  fputs() expects parameter 1 to be resource, string given in /home/ubuntu/workspace/files/fopen.php on line 53
[18-Oct-2018 05:40:30 UTC] PHP Stack trace:
[18-Oct-2018 05:40:30 UTC] PHP   1. {main}() /home/ubuntu/workspace/files/fopen.php:0
[18-Oct-2018 05:40:30 UTC] PHP   2. fputs() /home/ubuntu/workspace/files/fopen.php:53
[18-Oct-2018 06:26:35 UTC] PHP Warning:  fputs() expects parameter 1 to be resource, string given in /home/ubuntu/workspace/files/fopen.php on line 53
[18-Oct-2018 06:26:35 UTC] PHP Stack trace:
[18-Oct-2018 06:26:35 UTC] PHP   1. {main}() /home/ubuntu/workspace/files/fopen.php:0
[18-Oct-2018 06:26:35 UTC] PHP   2. fputs() /home/ubuntu/workspace/files/fopen.php:53
[18-Oct-2018 06:43:01 UTC] PHP Warning:  file_get_contents(file.txt): failed to open stream: No such file or directory in /home/ubuntu/workspace/files/fopen.php on line 60
[18-Oct-2018 06:43:01 UTC] PHP Stack trace:
[18-Oct-2018 06:43:01 UTC] PHP   1. {main}() /home/ubuntu/workspace/files/fopen.php:0
[18-Oct-2018 06:43:01 UTC] PHP   2. file_get_contents() /home/ubuntu/workspace/files/fopen.php:60
[20-Oct-2018 05:16:19 UTC] PHP Warning:  mysqli_connect(): (HY000/1045): Access denied for user 'root'@'localhost' (using password: YES) in /home/ubuntu/workspace/db/dbtest.php on line 4
[20-Oct-2018 05:16:19 UTC] PHP Stack trace:
[20-Oct-2018 05:16:19 UTC] PHP   1. {main}() /home/ubuntu/workspace/db/dbtest.php:0
[20-Oct-2018 05:16:19 UTC] PHP   2. mysqli_connect() /home/ubuntu/workspace/db/dbtest.php:4
[20-Oct-2018 05:16:51 UTC] PHP Warning:  mysqli_connect(): (HY000/1049): Unknown database 'web' in /home/ubuntu/workspace/db/dbtest.php on line 4
[20-Oct-2018 05:16:51 UTC] PHP Stack trace:
[20-Oct-2018 05:16:51 UTC] PHP   1. {main}() /home/ubuntu/workspace/db/dbtest.php:0
[20-Oct-2018 05:16:51 UTC] PHP   2. mysqli_connect() /home/ubuntu/workspace/db/dbtest.php:4
[20-Oct-2018 05:17:46 UTC] PHP Warning:  mysqli_connect(): (HY000/1049): Unknown database 'web' in /home/ubuntu/workspace/db/dbtest.php on line 4
[20-Oct-2018 05:17:46 UTC] PHP Stack trace:
[20-Oct-2018 05:17:46 UTC] PHP   1. {main}() /home/ubuntu/workspace/db/dbtest.php:0
[20-Oct-2018 05:17:46 UTC] PHP   2. mysqli_connect() /home/ubuntu/workspace/db/dbtest.php:4
[20-Oct-2018 05:18:45 UTC] PHP Warning:  mysqli_connect(): (HY000/1049): Unknown database 'web.sql' in /home/ubuntu/workspace/db/dbtest.php on line 4
[20-Oct-2018 05:18:45 UTC] PHP Stack trace:
[20-Oct-2018 05:18:45 UTC] PHP   1. {main}() /home/ubuntu/workspace/db/dbtest.php:0
[20-Oct-2018 05:18:45 UTC] PHP   2. mysqli_connect() /home/ubuntu/workspace/db/dbtest.php:4
[20-Oct-2018 05:20:34 UTC] PHP Warning:  mysqli_connect(): php_network_getaddresses: getaddrinfo failed: Name or service not known in /home/ubuntu/workspace/db/dbtest.php on line 4
[20-Oct-2018 05:20:34 UTC] PHP Stack trace:
[20-Oct-2018 05:20:34 UTC] PHP   1. {main}() /home/ubuntu/workspace/db/dbtest.php:0
[20-Oct-2018 05:20:34 UTC] PHP   2. mysqli_connect() /home/ubuntu/workspace/db/dbtest.php:4
[20-Oct-2018 05:20:34 UTC] PHP Warning:  mysqli_connect(): (HY000/2002): php_network_getaddresses: getaddrinfo failed: Name or service not known in /home/ubuntu/workspace/db/dbtest.php on line 4
[20-Oct-2018 05:20:34 UTC] PHP Stack trace:
[20-Oct-2018 05:20:34 UTC] PHP   1. {main}() /home/ubuntu/workspace/db/dbtest.php:0
[20-Oct-2018 05:20:34 UTC] PHP   2. mysqli_connect() /home/ubuntu/workspace/db/dbtest.php:4
[20-Oct-2018 05:20:56 UTC] PHP Warning:  mysqli_connect(): (HY000/1049): Unknown database 'web' in /home/ubuntu/workspace/db/dbtest.php on line 4
[20-Oct-2018 05:20:56 UTC] PHP Stack trace:
[20-Oct-2018 05:20:56 UTC] PHP   1. {main}() /home/ubuntu/workspace/db/dbtest.php:0
[20-Oct-2018 05:20:56 UTC] PHP   2. mysqli_connect() /home/ubuntu/workspace/db/dbtest.php:4
[20-Oct-2018 05:22:17 UTC] PHP Warning:  mysqli_connect(): (HY000/1049): Unknown database 'web' in /home/ubuntu/workspace/db/dbtest.php on line 4
[20-Oct-2018 05:22:17 UTC] PHP Stack trace:
[20-Oct-2018 05:22:17 UTC] PHP   1. {main}() /home/ubuntu/workspace/db/dbtest.php:0
[20-Oct-2018 05:22:17 UTC] PHP   2. mysqli_connect() /home/ubuntu/workspace/db/dbtest.php:4
[20-Oct-2018 05:22:57 UTC] PHP Warning:  mysqli_connect(): (HY000/1049): Unknown database 'web' in /home/ubuntu/workspace/db/dbtest.php on line 4
[20-Oct-2018 05:22:57 UTC] PHP Stack trace:
[20-Oct-2018 05:22:57 UTC] PHP   1. {main}() /home/ubuntu/workspace/db/dbtest.php:0
[20-Oct-2018 05:22:57 UTC] PHP   2. mysqli_connect() /home/ubuntu/workspace/db/dbtest.php:4
[20-Oct-2018 05:24:13 UTC] PHP Warning:  mysqli_connect(): (HY000/1049): Unknown database 'web' in /home/ubuntu/workspace/db/dbtest.php on line 4
[20-Oct-2018 05:24:13 UTC] PHP Stack trace:
[20-Oct-2018 05:24:13 UTC] PHP   1. {main}() /home/ubuntu/workspace/db/dbtest.php:0
[20-Oct-2018 05:24:13 UTC] PHP   2. mysqli_connect() /home/ubuntu/workspace/db/dbtest.php:4
[20-Oct-2018 05:24:26 UTC] PHP Warning:  mysqli_connect(): (HY000/1049): Unknown database 'web' in /home/ubuntu/workspace/db/dbtest.php on line 4
[20-Oct-2018 05:24:26 UTC] PHP Stack trace:
[20-Oct-2018 05:24:26 UTC] PHP   1. {main}() /home/ubuntu/workspace/db/dbtest.php:0
[20-Oct-2018 05:24:26 UTC] PHP   2. mysqli_connect() /home/ubuntu/workspace/db/dbtest.php:4
[20-Oct-2018 08:28:22 UTC] PHP Warning:  mysqli_real_escape_string(): Couldn't fetch mysqli in /home/ubuntu/workspace/db/dbtest.php on line 35
[20-Oct-2018 08:28:22 UTC] PHP Stack trace:
[20-Oct-2018 08:28:22 UTC] PHP   1. {main}() /home/ubuntu/workspace/db/dbtest.php:0
[20-Oct-2018 08:28:22 UTC] PHP   2. mysqli_real_escape_string() /home/ubuntu/workspace/db/dbtest.php:35
[20-Oct-2018 11:05:13 UTC] PHP Warning:  mysqli_connect(): php_network_getaddresses: getaddrinfo failed: Name or service not known in /home/ubuntu/workspace/gbook/gbook.php on line 39
[20-Oct-2018 11:05:13 UTC] PHP Stack trace:
[20-Oct-2018 11:05:13 UTC] PHP   1. {main}() /home/ubuntu/workspace/gbook/gbook.php:0
[20-Oct-2018 11:05:13 UTC] PHP   2. mysqli_connect() /home/ubuntu/workspace/gbook/gbook.php:39
[20-Oct-2018 11:05:13 UTC] PHP Warning:  mysqli_connect(): (HY000/2002): php_network_getaddresses: getaddrinfo failed: Name or service not known in /home/ubuntu/workspace/gbook/gbook.php on line 39
[20-Oct-2018 11:05:13 UTC] PHP Stack trace:
[20-Oct-2018 11:05:13 UTC] PHP   1. {main}() /home/ubuntu/workspace/gbook/gbook.php:0
[20-Oct-2018 11:05:13 UTC] PHP   2. mysqli_connect() /home/ubuntu/workspace/gbook/gbook.php:39
[20-Oct-2018 11:08:25 UTC] PHP Warning:  mysqli_connect(): php_network_getaddresses: getaddrinfo failed: Name or service not known in /home/ubuntu/workspace/gbook/gbook.php on line 40
[20-Oct-2018 11:08:25 UTC] PHP Stack trace:
[20-Oct-2018 11:08:25 UTC] PHP   1. {main}() /home/ubuntu/workspace/gbook/gbook.php:0
[20-Oct-2018 11:08:25 UTC] PHP   2. mysqli_connect() /home/ubuntu/workspace/gbook/gbook.php:40
[20-Oct-2018 11:08:25 UTC] PHP Warning:  mysqli_connect(): (HY000/2002): php_network_getaddresses: getaddrinfo failed: Name or service not known in /home/ubuntu/workspace/gbook/gbook.php on line 40
[20-Oct-2018 11:08:25 UTC] PHP Stack trace:
[20-Oct-2018 11:08:25 UTC] PHP   1. {main}() /home/ubuntu/workspace/gbook/gbook.php:0
[20-Oct-2018 11:08:25 UTC] PHP   2. mysqli_connect() /home/ubuntu/workspace/gbook/gbook.php:40
[20-Oct-2018 11:08:39 UTC] PHP Warning:  mysqli_connect(): php_network_getaddresses: getaddrinfo failed: Name or service not known in /home/ubuntu/workspace/gbook/gbook.php on line 40
[20-Oct-2018 11:08:39 UTC] PHP Stack trace:
[20-Oct-2018 11:08:39 UTC] PHP   1. {main}() /home/ubuntu/workspace/gbook/gbook.php:0
[20-Oct-2018 11:08:39 UTC] PHP   2. mysqli_connect() /home/ubuntu/workspace/gbook/gbook.php:40
[20-Oct-2018 11:08:39 UTC] PHP Warning:  mysqli_connect(): (HY000/2002): php_network_getaddresses: getaddrinfo failed: Name or service not known in /home/ubuntu/workspace/gbook/gbook.php on line 40
[20-Oct-2018 11:08:39 UTC] PHP Stack trace:
[20-Oct-2018 11:08:39 UTC] PHP   1. {main}() /home/ubuntu/workspace/gbook/gbook.php:0
[20-Oct-2018 11:08:39 UTC] PHP   2. mysqli_connect() /home/ubuntu/workspace/gbook/gbook.php:40
[20-Oct-2018 11:09:20 UTC] PHP Catchable fatal error:  Object of class mysqli could not be converted to string in /home/ubuntu/workspace/gbook/gbook.php on line 41
[20-Oct-2018 11:09:20 UTC] PHP Stack trace:
[20-Oct-2018 11:09:20 UTC] PHP   1. {main}() /home/ubuntu/workspace/gbook/gbook.php:0
[20-Oct-2018 11:10:32 UTC] PHP Catchable fatal error:  Object of class mysqli could not be converted to string in /home/ubuntu/workspace/gbook/gbook.php on line 42
[20-Oct-2018 11:10:32 UTC] PHP Stack trace:
[20-Oct-2018 11:10:32 UTC] PHP   1. {main}() /home/ubuntu/workspace/gbook/gbook.php:0
[20-Oct-2018 11:10:40 UTC] PHP Catchable fatal error:  Object of class mysqli could not be converted to string in /home/ubuntu/workspace/gbook/gbook.php on line 42
[20-Oct-2018 11:10:40 UTC] PHP Stack trace:
[20-Oct-2018 11:10:40 UTC] PHP   1. {main}() /home/ubuntu/workspace/gbook/gbook.php:0
[20-Oct-2018 11:13:51 UTC] PHP Catchable fatal error:  Object of class mysqli_result could not be converted to string in /home/ubuntu/workspace/gbook/gbook.php on line 48
[20-Oct-2018 11:13:51 UTC] PHP Stack trace:
[20-Oct-2018 11:13:51 UTC] PHP   1. {main}() /home/ubuntu/workspace/gbook/gbook.php:0
[20-Oct-2018 11:17:32 UTC] PHP Warning:  mysqli_fetch_array() expects parameter 1 to be mysqli_result, boolean given in /home/ubuntu/workspace/gbook/gbook.php on line 52
[20-Oct-2018 11:17:32 UTC] PHP Stack trace:
[20-Oct-2018 11:17:32 UTC] PHP   1. {main}() /home/ubuntu/workspace/gbook/gbook.php:0
[20-Oct-2018 11:17:32 UTC] PHP   2. mysqli_fetch_array() /home/ubuntu/workspace/gbook/gbook.php:52
[20-Oct-2018 11:41:35 UTC] PHP Fatal error:  Call to undefined function INSERT  INTO  msgs  (name,  email,  msg)  
	VALUES  ('Igor Pavlenko',  'igor_pavlenko@yahoo.com',  'dfdf')() in /home/ubuntu/workspace/gbook/gbook.php on line 31
[20-Oct-2018 11:41:35 UTC] PHP Stack trace:
[20-Oct-2018 11:41:35 UTC] PHP   1. {main}() /home/ubuntu/workspace/gbook/gbook.php:0
[20-Oct-2018 11:49:47 UTC] PHP Warning:  mysqli_query(): Empty query in /home/ubuntu/workspace/gbook/gbook.php on line 31
[20-Oct-2018 11:49:47 UTC] PHP Stack trace:
[20-Oct-2018 11:49:47 UTC] PHP   1. {main}() /home/ubuntu/workspace/gbook/gbook.php:0
[20-Oct-2018 11:49:47 UTC] PHP   2. mysqli_query() /home/ubuntu/workspace/gbook/gbook.php:31
[20-Oct-2018 12:26:09 UTC] PHP Parse error:  syntax error, unexpected 'echo' (T_ECHO) in /home/ubuntu/workspace/gbook/gbook.php on line 72
[20-Oct-2018 12:34:42 UTC] PHP Parse error:  syntax error, unexpected '=>' (T_DOUBLE_ARROW), expecting ',' or ';' in /home/ubuntu/workspace/gbook/gbook.php on line 73
[20-Oct-2018 12:38:53 UTC] PHP Parse error:  syntax error, unexpected '{' in /home/ubuntu/workspace/gbook/gbook.php on line 73
[20-Oct-2018 12:49:55 UTC] PHP Parse error:  syntax error, unexpected '=>' (T_DOUBLE_ARROW), expecting ',' or ';' in /home/ubuntu/workspace/gbook/gbook.php on line 72
[20-Oct-2018 13:00:50 UTC] PHP Fatal error:  Function name must be a string in /home/ubuntu/workspace/gbook/gbook.php on line 89
[20-Oct-2018 13:00:50 UTC] PHP Stack trace:
[20-Oct-2018 13:00:50 UTC] PHP   1. {main}() /home/ubuntu/workspace/gbook/gbook.php:0
[20-Oct-2018 13:01:42 UTC] PHP Fatal error:  Cannot use object of type mysqli_result as array in /home/ubuntu/workspace/gbook/gbook.php on line 89
[20-Oct-2018 13:01:42 UTC] PHP Stack trace:
[20-Oct-2018 13:01:42 UTC] PHP   1. {main}() /home/ubuntu/workspace/gbook/gbook.php:0
[20-Oct-2018 13:32:31 UTC] PHP Warning:  mysqli_fetch_array() expects parameter 1 to be mysqli_result, null given in /home/ubuntu/workspace/gbook/gbook.php on line 114
[20-Oct-2018 13:32:31 UTC] PHP Stack trace:
[20-Oct-2018 13:32:31 UTC] PHP   1. {main}() /home/ubuntu/workspace/gbook/gbook.php:0
[20-Oct-2018 13:32:31 UTC] PHP   2. mysqli_fetch_array() /home/ubuntu/workspace/gbook/gbook.php:114
[20-Oct-2018 13:32:31 UTC] PHP Warning:  Invalid argument supplied for foreach() in /home/ubuntu/workspace/gbook/gbook.php on line 124
[20-Oct-2018 13:32:31 UTC] PHP Stack trace:
[20-Oct-2018 13:32:31 UTC] PHP   1. {main}() /home/ubuntu/workspace/gbook/gbook.php:0
[20-Oct-2018 13:33:06 UTC] PHP Warning:  mysqli_fetch_array() expects parameter 1 to be mysqli_result, null given in /home/ubuntu/workspace/gbook/gbook.php on line 115
[20-Oct-2018 13:33:06 UTC] PHP Stack trace:
[20-Oct-2018 13:33:06 UTC] PHP   1. {main}() /home/ubuntu/workspace/gbook/gbook.php:0
[20-Oct-2018 13:33:06 UTC] PHP   2. mysqli_fetch_array() /home/ubuntu/workspace/gbook/gbook.php:115
[20-Oct-2018 13:33:06 UTC] PHP Warning:  Invalid argument supplied for foreach() in /home/ubuntu/workspace/gbook/gbook.php on line 125
[20-Oct-2018 13:33:06 UTC] PHP Stack trace:
[20-Oct-2018 13:33:06 UTC] PHP   1. {main}() /home/ubuntu/workspace/gbook/gbook.php:0
[21-Oct-2018 05:25:08 UTC] PHP Warning:  mysqli_fetch_array() expects parameter 1 to be mysqli_result, null given in /home/ubuntu/workspace/gbook/gbook.php on line 110
[21-Oct-2018 05:25:08 UTC] PHP Stack trace:
[21-Oct-2018 05:25:08 UTC] PHP   1. {main}() /home/ubuntu/workspace/gbook/gbook.php:0
[21-Oct-2018 05:25:08 UTC] PHP   2. mysqli_fetch_array() /home/ubuntu/workspace/gbook/gbook.php:110
[21-Oct-2018 05:25:08 UTC] PHP Warning:  Invalid argument supplied for foreach() in /home/ubuntu/workspace/gbook/gbook.php on line 120
[21-Oct-2018 05:25:08 UTC] PHP Stack trace:
[21-Oct-2018 05:25:08 UTC] PHP   1. {main}() /home/ubuntu/workspace/gbook/gbook.php:0
[21-Oct-2018 05:25:40 UTC] PHP Warning:  Invalid argument supplied for foreach() in /home/ubuntu/workspace/gbook/gbook.php on line 116
[21-Oct-2018 05:25:40 UTC] PHP Stack trace:
[21-Oct-2018 05:25:40 UTC] PHP   1. {main}() /home/ubuntu/workspace/gbook/gbook.php:0
[21-Oct-2018 05:27:43 UTC] PHP Warning:  Invalid argument supplied for foreach() in /home/ubuntu/workspace/gbook/gbook.php on line 120
[21-Oct-2018 05:27:43 UTC] PHP Stack trace:
[21-Oct-2018 05:27:43 UTC] PHP   1. {main}() /home/ubuntu/workspace/gbook/gbook.php:0
[21-Oct-2018 06:04:27 UTC] PHP Parse error:  syntax error, unexpected end of file in /home/ubuntu/workspace/gbook/gbook.php on line 147
[22-Oct-2018 05:11:46 UTC] PHP Warning:  mysqli_connect(): (HY000/1045): Access denied for user 'root'@'localhost' (using password: YES) in /home/ubuntu/workspace/schoolwebsite/gbook/gbook.php on line 10
[22-Oct-2018 05:11:46 UTC] PHP Stack trace:
[22-Oct-2018 05:11:46 UTC] PHP   1. {main}() /home/ubuntu/workspace/schoolwebsite/gbook/gbook.php:0
[22-Oct-2018 05:11:46 UTC] PHP   2. mysqli_connect() /home/ubuntu/workspace/schoolwebsite/gbook/gbook.php:10
[22-Oct-2018 05:11:46 UTC] PHP Warning:  mysqli_query() expects parameter 1 to be mysqli, boolean given in /home/ubuntu/workspace/schoolwebsite/gbook/gbook.php on line 112
[22-Oct-2018 05:11:46 UTC] PHP Stack trace:
[22-Oct-2018 05:11:46 UTC] PHP   1. {main}() /home/ubuntu/workspace/schoolwebsite/gbook/gbook.php:0
[22-Oct-2018 05:11:46 UTC] PHP   2. mysqli_query() /home/ubuntu/workspace/schoolwebsite/gbook/gbook.php:112
[22-Oct-2018 05:11:46 UTC] PHP Warning:  Invalid argument supplied for foreach() in /home/ubuntu/workspace/schoolwebsite/gbook/gbook.php on line 118
[22-Oct-2018 05:11:46 UTC] PHP Stack trace:
[22-Oct-2018 05:11:46 UTC] PHP   1. {main}() /home/ubuntu/workspace/schoolwebsite/gbook/gbook.php:0
[22-Oct-2018 06:29:13 UTC] PHP Parse error:  syntax error, unexpected 'FROM' (T_STRING) in /home/ubuntu/workspace/schoolwebsite/gbook/gbook.php on line 47
[22-Oct-2018 06:35:16 UTC] PHP Warning:  mysql_query() expects parameter 2 to be resource, object given in /home/ubuntu/workspace/schoolwebsite/gbook/gbook.php on line 137
[22-Oct-2018 06:35:16 UTC] PHP Stack trace:
[22-Oct-2018 06:35:16 UTC] PHP   1. {main}() /home/ubuntu/workspace/schoolwebsite/gbook/gbook.php:0
[22-Oct-2018 06:35:16 UTC] PHP   2. mysql_query() /home/ubuntu/workspace/schoolwebsite/gbook/gbook.php:137
[22-Oct-2018 06:35:54 UTC] PHP Warning:  mysql_select_db(): Access denied for user ''@'localhost' (using password: NO) in /home/ubuntu/workspace/schoolwebsite/gbook/gbook.php on line 136
[22-Oct-2018 06:35:54 UTC] PHP Stack trace:
[22-Oct-2018 06:35:54 UTC] PHP   1. {main}() /home/ubuntu/workspace/schoolwebsite/gbook/gbook.php:0
[22-Oct-2018 06:35:54 UTC] PHP   2. mysql_select_db() /home/ubuntu/workspace/schoolwebsite/gbook/gbook.php:136
[22-Oct-2018 06:35:54 UTC] PHP Warning:  mysql_select_db(): A link to the server could not be established in /home/ubuntu/workspace/schoolwebsite/gbook/gbook.php on line 136
[22-Oct-2018 06:35:54 UTC] PHP Stack trace:
[22-Oct-2018 06:35:54 UTC] PHP   1. {main}() /home/ubuntu/workspace/schoolwebsite/gbook/gbook.php:0
[22-Oct-2018 06:35:54 UTC] PHP   2. mysql_select_db() /home/ubuntu/workspace/schoolwebsite/gbook/gbook.php:136
[22-Oct-2018 06:35:54 UTC] PHP Warning:  mysql_query() expects parameter 2 to be resource, object given in /home/ubuntu/workspace/schoolwebsite/gbook/gbook.php on line 137
[22-Oct-2018 06:35:54 UTC] PHP Stack trace:
[22-Oct-2018 06:35:54 UTC] PHP   1. {main}() /home/ubuntu/workspace/schoolwebsite/gbook/gbook.php:0
[22-Oct-2018 06:35:54 UTC] PHP   2. mysql_query() /home/ubuntu/workspace/schoolwebsite/gbook/gbook.php:137
[22-Oct-2018 06:36:27 UTC] PHP Warning:  mysql_query() expects parameter 2 to be resource, object given in /home/ubuntu/workspace/schoolwebsite/gbook/gbook.php on line 137
[22-Oct-2018 06:36:27 UTC] PHP Stack trace:
[22-Oct-2018 06:36:27 UTC] PHP   1. {main}() /home/ubuntu/workspace/schoolwebsite/gbook/gbook.php:0
[22-Oct-2018 06:36:27 UTC] PHP   2. mysql_query() /home/ubuntu/workspace/schoolwebsite/gbook/gbook.php:137
[22-Oct-2018 06:37:12 UTC] PHP Warning:  mysql_query() expects parameter 2 to be resource, object given in /home/ubuntu/workspace/schoolwebsite/gbook/gbook.php on line 137
[22-Oct-2018 06:37:12 UTC] PHP Stack trace:
[22-Oct-2018 06:37:12 UTC] PHP   1. {main}() /home/ubuntu/workspace/schoolwebsite/gbook/gbook.php:0
[22-Oct-2018 06:37:12 UTC] PHP   2. mysql_query() /home/ubuntu/workspace/schoolwebsite/gbook/gbook.php:137
[22-Oct-2018 06:38:18 UTC] PHP Warning:  gettype() expects exactly 1 parameter, 2 given in /home/ubuntu/workspace/schoolwebsite/gbook/gbook.php on line 138
[22-Oct-2018 06:38:18 UTC] PHP Stack trace:
[22-Oct-2018 06:38:18 UTC] PHP   1. {main}() /home/ubuntu/workspace/schoolwebsite/gbook/gbook.php:0
[22-Oct-2018 06:38:18 UTC] PHP   2. gettype() /home/ubuntu/workspace/schoolwebsite/gbook/gbook.php:138
[22-Oct-2018 06:38:18 UTC] PHP Warning:  mysql_query() expects parameter 2 to be resource, object given in /home/ubuntu/workspace/schoolwebsite/gbook/gbook.php on line 139
[22-Oct-2018 06:38:18 UTC] PHP Stack trace:
[22-Oct-2018 06:38:18 UTC] PHP   1. {main}() /home/ubuntu/workspace/schoolwebsite/gbook/gbook.php:0
[22-Oct-2018 06:38:18 UTC] PHP   2. mysql_query() /home/ubuntu/workspace/schoolwebsite/gbook/gbook.php:139
[22-Oct-2018 06:38:44 UTC] PHP Warning:  mysql_query() expects parameter 2 to be resource, object given in /home/ubuntu/workspace/schoolwebsite/gbook/gbook.php on line 139
[22-Oct-2018 06:38:44 UTC] PHP Stack trace:
[22-Oct-2018 06:38:44 UTC] PHP   1. {main}() /home/ubuntu/workspace/schoolwebsite/gbook/gbook.php:0
[22-Oct-2018 06:38:44 UTC] PHP   2. mysql_query() /home/ubuntu/workspace/schoolwebsite/gbook/gbook.php:139
[22-Oct-2018 06:42:01 UTC] PHP Warning:  mysql_select_db(): Access denied for user ''@'localhost' (using password: NO) in /home/ubuntu/workspace/schoolwebsite/gbook/gbook.php on line 136
[22-Oct-2018 06:42:01 UTC] PHP Stack trace:
[22-Oct-2018 06:42:01 UTC] PHP   1. {main}() /home/ubuntu/workspace/schoolwebsite/gbook/gbook.php:0
[22-Oct-2018 06:42:01 UTC] PHP   2. mysql_select_db() /home/ubuntu/workspace/schoolwebsite/gbook/gbook.php:136
[22-Oct-2018 06:42:01 UTC] PHP Warning:  mysql_select_db(): A link to the server could not be established in /home/ubuntu/workspace/schoolwebsite/gbook/gbook.php on line 136
[22-Oct-2018 06:42:01 UTC] PHP Stack trace:
[22-Oct-2018 06:42:01 UTC] PHP   1. {main}() /home/ubuntu/workspace/schoolwebsite/gbook/gbook.php:0
[22-Oct-2018 06:42:01 UTC] PHP   2. mysql_select_db() /home/ubuntu/workspace/schoolwebsite/gbook/gbook.php:136
[22-Oct-2018 06:42:01 UTC] PHP Warning:  mysql_query() expects parameter 2 to be resource, object given in /home/ubuntu/workspace/schoolwebsite/gbook/gbook.php on line 139
[22-Oct-2018 06:42:01 UTC] PHP Stack trace:
[22-Oct-2018 06:42:01 UTC] PHP   1. {main}() /home/ubuntu/workspace/schoolwebsite/gbook/gbook.php:0
[22-Oct-2018 06:42:01 UTC] PHP   2. mysql_query() /home/ubuntu/workspace/schoolwebsite/gbook/gbook.php:139
[22-Oct-2018 06:55:02 UTC] PHP Fatal error:  Call to undefined function mysql_connect_error() in /home/ubuntu/workspace/schoolwebsite/gbook/gbook.php on line 126
[22-Oct-2018 06:55:02 UTC] PHP Stack trace:
[22-Oct-2018 06:55:02 UTC] PHP   1. {main}() /home/ubuntu/workspace/schoolwebsite/gbook/gbook.php:0
[22-Oct-2018 06:55:06 UTC] PHP Fatal error:  Call to undefined function mysql_connect_error() in /home/ubuntu/workspace/schoolwebsite/gbook/gbook.php on line 126
[22-Oct-2018 06:55:06 UTC] PHP Stack trace:
[22-Oct-2018 06:55:06 UTC] PHP   1. {main}() /home/ubuntu/workspace/schoolwebsite/gbook/gbook.php:0
[22-Oct-2018 07:31:40 UTC] PHP Fatal error:  Call to undefined function mysql_connect_error() in /home/ubuntu/workspace/schoolwebsite/gbook/gbook.php on line 126
[22-Oct-2018 07:31:40 UTC] PHP Stack trace:
[22-Oct-2018 07:31:40 UTC] PHP   1. {main}() /home/ubuntu/workspace/schoolwebsite/gbook/gbook.php:0
[22-Oct-2018 07:31:59 UTC] PHP Warning:  mysql_select_db(): Access denied for user ''@'localhost' (using password: NO) in /home/ubuntu/workspace/schoolwebsite/gbook/gbook.php on line 137
[22-Oct-2018 07:31:59 UTC] PHP Stack trace:
[22-Oct-2018 07:31:59 UTC] PHP   1. {main}() /home/ubuntu/workspace/schoolwebsite/gbook/gbook.php:0
[22-Oct-2018 07:31:59 UTC] PHP   2. mysql_select_db() /home/ubuntu/workspace/schoolwebsite/gbook/gbook.php:137
[22-Oct-2018 07:31:59 UTC] PHP Warning:  mysql_select_db(): A link to the server could not be established in /home/ubuntu/workspace/schoolwebsite/gbook/gbook.php on line 137
[22-Oct-2018 07:31:59 UTC] PHP Stack trace:
[22-Oct-2018 07:31:59 UTC] PHP   1. {main}() /home/ubuntu/workspace/schoolwebsite/gbook/gbook.php:0
[22-Oct-2018 07:31:59 UTC] PHP   2. mysql_select_db() /home/ubuntu/workspace/schoolwebsite/gbook/gbook.php:137
[22-Oct-2018 07:31:59 UTC] PHP Warning:  mysql_query() expects parameter 2 to be resource, object given in /home/ubuntu/workspace/schoolwebsite/gbook/gbook.php on line 140
[22-Oct-2018 07:31:59 UTC] PHP Stack trace:
[22-Oct-2018 07:31:59 UTC] PHP   1. {main}() /home/ubuntu/workspace/schoolwebsite/gbook/gbook.php:0
[22-Oct-2018 07:31:59 UTC] PHP   2. mysql_query() /home/ubuntu/workspace/schoolwebsite/gbook/gbook.php:140
[22-Oct-2018 07:32:12 UTC] PHP Warning:  mysql_query() expects parameter 2 to be resource, object given in /home/ubuntu/workspace/schoolwebsite/gbook/gbook.php on line 140
[22-Oct-2018 07:32:12 UTC] PHP Stack trace:
[22-Oct-2018 07:32:12 UTC] PHP   1. {main}() /home/ubuntu/workspace/schoolwebsite/gbook/gbook.php:0
[22-Oct-2018 07:32:12 UTC] PHP   2. mysql_query() /home/ubuntu/workspace/schoolwebsite/gbook/gbook.php:140
[22-Oct-2018 08:10:42 UTC] PHP Warning:  mysql_query() expects parameter 2 to be resource, object given in /home/ubuntu/workspace/schoolwebsite/gbook/gbook.php on line 140
[22-Oct-2018 08:10:42 UTC] PHP Stack trace:
[22-Oct-2018 08:10:42 UTC] PHP   1. {main}() /home/ubuntu/workspace/schoolwebsite/gbook/gbook.php:0
[22-Oct-2018 08:10:42 UTC] PHP   2. mysql_query() /home/ubuntu/workspace/schoolwebsite/gbook/gbook.php:140
[22-Oct-2018 08:20:24 UTC] PHP Warning:  mysql_query(): Access denied for user ''@'localhost' (using password: NO) in /home/ubuntu/workspace/schoolwebsite/gbook/delete.php on line 8
[22-Oct-2018 08:20:24 UTC] PHP Stack trace:
[22-Oct-2018 08:20:24 UTC] PHP   1. {main}() /home/ubuntu/workspace/schoolwebsite/gbook/delete.php:0
[22-Oct-2018 08:20:24 UTC] PHP   2. mysql_query() /home/ubuntu/workspace/schoolwebsite/gbook/delete.php:8
[22-Oct-2018 08:20:24 UTC] PHP Warning:  mysql_query(): A link to the server could not be established in /home/ubuntu/workspace/schoolwebsite/gbook/delete.php on line 8
[22-Oct-2018 08:20:24 UTC] PHP Stack trace:
[22-Oct-2018 08:20:24 UTC] PHP   1. {main}() /home/ubuntu/workspace/schoolwebsite/gbook/delete.php:0
[22-Oct-2018 08:20:24 UTC] PHP   2. mysql_query() /home/ubuntu/workspace/schoolwebsite/gbook/delete.php:8
[22-Oct-2018 08:20:28 UTC] PHP Warning:  mysql_query(): Access denied for user ''@'localhost' (using password: NO) in /home/ubuntu/workspace/schoolwebsite/gbook/delete.php on line 8
[22-Oct-2018 08:20:28 UTC] PHP Stack trace:
[22-Oct-2018 08:20:28 UTC] PHP   1. {main}() /home/ubuntu/workspace/schoolwebsite/gbook/delete.php:0
[22-Oct-2018 08:20:28 UTC] PHP   2. mysql_query() /home/ubuntu/workspace/schoolwebsite/gbook/delete.php:8
[22-Oct-2018 08:20:28 UTC] PHP Warning:  mysql_query(): A link to the server could not be established in /home/ubuntu/workspace/schoolwebsite/gbook/delete.php on line 8
[22-Oct-2018 08:20:28 UTC] PHP Stack trace:
[22-Oct-2018 08:20:28 UTC] PHP   1. {main}() /home/ubuntu/workspace/schoolwebsite/gbook/delete.php:0
[22-Oct-2018 08:20:28 UTC] PHP   2. mysql_query() /home/ubuntu/workspace/schoolwebsite/gbook/delete.php:8
[22-Oct-2018 08:20:36 UTC] PHP Warning:  mysql_query(): Access denied for user ''@'localhost' (using password: NO) in /home/ubuntu/workspace/schoolwebsite/gbook/delete.php on line 8
[22-Oct-2018 08:20:36 UTC] PHP Stack trace:
[22-Oct-2018 08:20:36 UTC] PHP   1. {main}() /home/ubuntu/workspace/schoolwebsite/gbook/delete.php:0
[22-Oct-2018 08:20:36 UTC] PHP   2. mysql_query() /home/ubuntu/workspace/schoolwebsite/gbook/delete.php:8
[22-Oct-2018 08:20:36 UTC] PHP Warning:  mysql_query(): A link to the server could not be established in /home/ubuntu/workspace/schoolwebsite/gbook/delete.php on line 8
[22-Oct-2018 08:20:36 UTC] PHP Stack trace:
[22-Oct-2018 08:20:36 UTC] PHP   1. {main}() /home/ubuntu/workspace/schoolwebsite/gbook/delete.php:0
[22-Oct-2018 08:20:36 UTC] PHP   2. mysql_query() /home/ubuntu/workspace/schoolwebsite/gbook/delete.php:8
[22-Oct-2018 08:21:46 UTC] PHP Warning:  mysql_query() expects parameter 2 to be resource, object given in /home/ubuntu/workspace/schoolwebsite/gbook/delete.php on line 8
[22-Oct-2018 08:21:46 UTC] PHP Stack trace:
[22-Oct-2018 08:21:46 UTC] PHP   1. {main}() /home/ubuntu/workspace/schoolwebsite/gbook/delete.php:0
[22-Oct-2018 08:21:46 UTC] PHP   2. mysql_query() /home/ubuntu/workspace/schoolwebsite/gbook/delete.php:8
[22-Oct-2018 10:05:56 UTC] PHP Warning:  mysql_query(): Access denied for user ''@'localhost' (using password: NO) in /home/ubuntu/workspace/schoolwebsite/gbook/delete.php on line 8
[22-Oct-2018 10:05:56 UTC] PHP Stack trace:
[22-Oct-2018 10:05:56 UTC] PHP   1. {main}() /home/ubuntu/workspace/schoolwebsite/gbook/delete.php:0
[22-Oct-2018 10:05:56 UTC] PHP   2. mysql_query() /home/ubuntu/workspace/schoolwebsite/gbook/delete.php:8
[22-Oct-2018 10:05:56 UTC] PHP Warning:  mysql_query(): A link to the server could not be established in /home/ubuntu/workspace/schoolwebsite/gbook/delete.php on line 8
[22-Oct-2018 10:05:56 UTC] PHP Stack trace:
[22-Oct-2018 10:05:56 UTC] PHP   1. {main}() /home/ubuntu/workspace/schoolwebsite/gbook/delete.php:0
[22-Oct-2018 10:05:56 UTC] PHP   2. mysql_query() /home/ubuntu/workspace/schoolwebsite/gbook/delete.php:8
[22-Oct-2018 10:07:14 UTC] PHP Warning:  mysql_query(): Access denied for user ''@'localhost' (using password: NO) in /home/ubuntu/workspace/schoolwebsite/gbook/delete.php on line 24
[22-Oct-2018 10:07:14 UTC] PHP Stack trace:
[22-Oct-2018 10:07:14 UTC] PHP   1. {main}() /home/ubuntu/workspace/schoolwebsite/gbook/delete.php:0
[22-Oct-2018 10:07:14 UTC] PHP   2. mysql_query() /home/ubuntu/workspace/schoolwebsite/gbook/delete.php:24
[22-Oct-2018 10:07:14 UTC] PHP Warning:  mysql_query(): A link to the server could not be established in /home/ubuntu/workspace/schoolwebsite/gbook/delete.php on line 24
[22-Oct-2018 10:07:14 UTC] PHP Stack trace:
[22-Oct-2018 10:07:14 UTC] PHP   1. {main}() /home/ubuntu/workspace/schoolwebsite/gbook/delete.php:0
[22-Oct-2018 10:07:14 UTC] PHP   2. mysql_query() /home/ubuntu/workspace/schoolwebsite/gbook/delete.php:24
[22-Oct-2018 10:07:29 UTC] PHP Warning:  mysql_query(): Access denied for user ''@'localhost' (using password: NO) in /home/ubuntu/workspace/schoolwebsite/gbook/delete.php on line 24
[22-Oct-2018 10:07:29 UTC] PHP Stack trace:
[22-Oct-2018 10:07:29 UTC] PHP   1. {main}() /home/ubuntu/workspace/schoolwebsite/gbook/delete.php:0
[22-Oct-2018 10:07:29 UTC] PHP   2. mysql_query() /home/ubuntu/workspace/schoolwebsite/gbook/delete.php:24
[22-Oct-2018 10:07:29 UTC] PHP Warning:  mysql_query(): A link to the server could not be established in /home/ubuntu/workspace/schoolwebsite/gbook/delete.php on line 24
[22-Oct-2018 10:07:29 UTC] PHP Stack trace:
[22-Oct-2018 10:07:29 UTC] PHP   1. {main}() /home/ubuntu/workspace/schoolwebsite/gbook/delete.php:0
[22-Oct-2018 10:07:29 UTC] PHP   2. mysql_query() /home/ubuntu/workspace/schoolwebsite/gbook/delete.php:24
[22-Oct-2018 10:08:08 UTC] PHP Warning:  mysqli_connect(): (HY000/1045): Access denied for user 'root'@'localhost' (using password: YES) in /home/ubuntu/workspace/schoolwebsite/gbook/delete.php on line 15
[22-Oct-2018 10:08:08 UTC] PHP Stack trace:
[22-Oct-2018 10:08:08 UTC] PHP   1. {main}() /home/ubuntu/workspace/schoolwebsite/gbook/delete.php:0
[22-Oct-2018 10:08:08 UTC] PHP   2. mysqli_connect() /home/ubuntu/workspace/schoolwebsite/gbook/delete.php:15
[22-Oct-2018 10:08:08 UTC] PHP Warning:  mysql_query(): Access denied for user ''@'localhost' (using password: NO) in /home/ubuntu/workspace/schoolwebsite/gbook/delete.php on line 24
[22-Oct-2018 10:08:08 UTC] PHP Stack trace:
[22-Oct-2018 10:08:08 UTC] PHP   1. {main}() /home/ubuntu/workspace/schoolwebsite/gbook/delete.php:0
[22-Oct-2018 10:08:08 UTC] PHP   2. mysql_query() /home/ubuntu/workspace/schoolwebsite/gbook/delete.php:24
[22-Oct-2018 10:08:08 UTC] PHP Warning:  mysql_query(): A link to the server could not be established in /home/ubuntu/workspace/schoolwebsite/gbook/delete.php on line 24
[22-Oct-2018 10:08:08 UTC] PHP Stack trace:
[22-Oct-2018 10:08:08 UTC] PHP   1. {main}() /home/ubuntu/workspace/schoolwebsite/gbook/delete.php:0
[22-Oct-2018 10:08:08 UTC] PHP   2. mysql_query() /home/ubuntu/workspace/schoolwebsite/gbook/delete.php:24
[22-Oct-2018 10:13:41 UTC] PHP Warning:  mysql_query(): Access denied for user ''@'localhost' (using password: NO) in /home/ubuntu/workspace/schoolwebsite/gbook/delete.php on line 24
[22-Oct-2018 10:13:41 UTC] PHP Stack trace:
[22-Oct-2018 10:13:41 UTC] PHP   1. {main}() /home/ubuntu/workspace/schoolwebsite/gbook/delete.php:0
[22-Oct-2018 10:13:41 UTC] PHP   2. mysql_query() /home/ubuntu/workspace/schoolwebsite/gbook/delete.php:24
[22-Oct-2018 10:13:41 UTC] PHP Warning:  mysql_query(): A link to the server could not be established in /home/ubuntu/workspace/schoolwebsite/gbook/delete.php on line 24
[22-Oct-2018 10:13:41 UTC] PHP Stack trace:
[22-Oct-2018 10:13:41 UTC] PHP   1. {main}() /home/ubuntu/workspace/schoolwebsite/gbook/delete.php:0
[22-Oct-2018 10:13:41 UTC] PHP   2. mysql_query() /home/ubuntu/workspace/schoolwebsite/gbook/delete.php:24
[22-Oct-2018 10:13:49 UTC] PHP Warning:  mysql_query(): Access denied for user ''@'localhost' (using password: NO) in /home/ubuntu/workspace/schoolwebsite/gbook/delete.php on line 24
[22-Oct-2018 10:13:49 UTC] PHP Stack trace:
[22-Oct-2018 10:13:49 UTC] PHP   1. {main}() /home/ubuntu/workspace/schoolwebsite/gbook/delete.php:0
[22-Oct-2018 10:13:49 UTC] PHP   2. mysql_query() /home/ubuntu/workspace/schoolwebsite/gbook/delete.php:24
[22-Oct-2018 10:13:49 UTC] PHP Warning:  mysql_query(): A link to the server could not be established in /home/ubuntu/workspace/schoolwebsite/gbook/delete.php on line 24
[22-Oct-2018 10:13:49 UTC] PHP Stack trace:
[22-Oct-2018 10:13:49 UTC] PHP   1. {main}() /home/ubuntu/workspace/schoolwebsite/gbook/delete.php:0
[22-Oct-2018 10:13:49 UTC] PHP   2. mysql_query() /home/ubuntu/workspace/schoolwebsite/gbook/delete.php:24
[22-Oct-2018 10:15:01 UTC] PHP Warning:  mysql_query(): Access denied for user ''@'localhost' (using password: NO) in /home/ubuntu/workspace/schoolwebsite/gbook/delete.php on line 24
[22-Oct-2018 10:15:01 UTC] PHP Stack trace:
[22-Oct-2018 10:15:01 UTC] PHP   1. {main}() /home/ubuntu/workspace/schoolwebsite/gbook/delete.php:0
[22-Oct-2018 10:15:01 UTC] PHP   2. mysql_query() /home/ubuntu/workspace/schoolwebsite/gbook/delete.php:24
[22-Oct-2018 10:15:01 UTC] PHP Warning:  mysql_query(): A link to the server could not be established in /home/ubuntu/workspace/schoolwebsite/gbook/delete.php on line 24
[22-Oct-2018 10:15:01 UTC] PHP Stack trace:
[22-Oct-2018 10:15:01 UTC] PHP   1. {main}() /home/ubuntu/workspace/schoolwebsite/gbook/delete.php:0
[22-Oct-2018 10:15:01 UTC] PHP   2. mysql_query() /home/ubuntu/workspace/schoolwebsite/gbook/delete.php:24
[22-Oct-2018 10:15:39 UTC] PHP Warning:  mysql_query(): Access denied for user ''@'localhost' (using password: NO) in /home/ubuntu/workspace/schoolwebsite/gbook/delete.php on line 25
[22-Oct-2018 10:15:39 UTC] PHP Stack trace:
[22-Oct-2018 10:15:39 UTC] PHP   1. {main}() /home/ubuntu/workspace/schoolwebsite/gbook/delete.php:0
[22-Oct-2018 10:15:39 UTC] PHP   2. mysql_query() /home/ubuntu/workspace/schoolwebsite/gbook/delete.php:25
[22-Oct-2018 10:15:39 UTC] PHP Warning:  mysql_query(): A link to the server could not be established in /home/ubuntu/workspace/schoolwebsite/gbook/delete.php on line 25
[22-Oct-2018 10:15:39 UTC] PHP Stack trace:
[22-Oct-2018 10:15:39 UTC] PHP   1. {main}() /home/ubuntu/workspace/schoolwebsite/gbook/delete.php:0
[22-Oct-2018 10:15:39 UTC] PHP   2. mysql_query() /home/ubuntu/workspace/schoolwebsite/gbook/delete.php:25
[22-Oct-2018 10:16:28 UTC] PHP Warning:  mysqli_connect(): (HY000/1045): Access denied for user 'root'@'localhost' (using password: YES) in /home/ubuntu/workspace/schoolwebsite/gbook/gbook.php on line 13
[22-Oct-2018 10:16:28 UTC] PHP Stack trace:
[22-Oct-2018 10:16:28 UTC] PHP   1. {main}() /home/ubuntu/workspace/schoolwebsite/gbook/gbook.php:0
[22-Oct-2018 10:16:28 UTC] PHP   2. mysqli_connect() /home/ubuntu/workspace/schoolwebsite/gbook/gbook.php:13
[22-Oct-2018 10:16:28 UTC] PHP Warning:  mysqli_query() expects parameter 1 to be mysqli, boolean given in /home/ubuntu/workspace/schoolwebsite/gbook/gbook.php on line 117
[22-Oct-2018 10:16:28 UTC] PHP Stack trace:
[22-Oct-2018 10:16:28 UTC] PHP   1. {main}() /home/ubuntu/workspace/schoolwebsite/gbook/gbook.php:0
[22-Oct-2018 10:16:28 UTC] PHP   2. mysqli_query() /home/ubuntu/workspace/schoolwebsite/gbook/gbook.php:117
[22-Oct-2018 10:16:28 UTC] PHP Warning:  Invalid argument supplied for foreach() in /home/ubuntu/workspace/schoolwebsite/gbook/gbook.php on line 126
[22-Oct-2018 10:16:28 UTC] PHP Stack trace:
[22-Oct-2018 10:16:28 UTC] PHP   1. {main}() /home/ubuntu/workspace/schoolwebsite/gbook/gbook.php:0
[22-Oct-2018 10:17:12 UTC] PHP Warning:  mysql_query(): Access denied for user ''@'localhost' (using password: NO) in /home/ubuntu/workspace/schoolwebsite/gbook/delete.php on line 25
[22-Oct-2018 10:17:12 UTC] PHP Stack trace:
[22-Oct-2018 10:17:12 UTC] PHP   1. {main}() /home/ubuntu/workspace/schoolwebsite/gbook/delete.php:0
[22-Oct-2018 10:17:12 UTC] PHP   2. mysql_query() /home/ubuntu/workspace/schoolwebsite/gbook/delete.php:25
[22-Oct-2018 10:17:12 UTC] PHP Warning:  mysql_query(): A link to the server could not be established in /home/ubuntu/workspace/schoolwebsite/gbook/delete.php on line 25
[22-Oct-2018 10:17:12 UTC] PHP Stack trace:
[22-Oct-2018 10:17:12 UTC] PHP   1. {main}() /home/ubuntu/workspace/schoolwebsite/gbook/delete.php:0
[22-Oct-2018 10:17:12 UTC] PHP   2. mysql_query() /home/ubuntu/workspace/schoolwebsite/gbook/delete.php:25
[22-Oct-2018 10:18:51 UTC] PHP Warning:  mysql_query(): Access denied for user ''@'localhost' (using password: NO) in /home/ubuntu/workspace/schoolwebsite/gbook/delete.php on line 25
[22-Oct-2018 10:18:51 UTC] PHP Stack trace:
[22-Oct-2018 10:18:51 UTC] PHP   1. {main}() /home/ubuntu/workspace/schoolwebsite/gbook/delete.php:0
[22-Oct-2018 10:18:51 UTC] PHP   2. mysql_query() /home/ubuntu/workspace/schoolwebsite/gbook/delete.php:25
[22-Oct-2018 10:18:51 UTC] PHP Warning:  mysql_query(): A link to the server could not be established in /home/ubuntu/workspace/schoolwebsite/gbook/delete.php on line 25
[22-Oct-2018 10:18:51 UTC] PHP Stack trace:
[22-Oct-2018 10:18:51 UTC] PHP   1. {main}() /home/ubuntu/workspace/schoolwebsite/gbook/delete.php:0
[22-Oct-2018 10:18:51 UTC] PHP   2. mysql_query() /home/ubuntu/workspace/schoolwebsite/gbook/delete.php:25
[22-Oct-2018 10:19:21 UTC] PHP Warning:  mysql_query(): Access denied for user ''@'localhost' (using password: NO) in /home/ubuntu/workspace/schoolwebsite/gbook/delete.php on line 25
[22-Oct-2018 10:19:21 UTC] PHP Stack trace:
[22-Oct-2018 10:19:21 UTC] PHP   1. {main}() /home/ubuntu/workspace/schoolwebsite/gbook/delete.php:0
[22-Oct-2018 10:19:21 UTC] PHP   2. mysql_query() /home/ubuntu/workspace/schoolwebsite/gbook/delete.php:25
[22-Oct-2018 10:19:21 UTC] PHP Warning:  mysql_query(): A link to the server could not be established in /home/ubuntu/workspace/schoolwebsite/gbook/delete.php on line 25
[22-Oct-2018 10:19:21 UTC] PHP Stack trace:
[22-Oct-2018 10:19:21 UTC] PHP   1. {main}() /home/ubuntu/workspace/schoolwebsite/gbook/delete.php:0
[22-Oct-2018 10:19:21 UTC] PHP   2. mysql_query() /home/ubuntu/workspace/schoolwebsite/gbook/delete.php:25
[22-Oct-2018 10:20:07 UTC] PHP Warning:  mysql_query(): Access denied for user ''@'localhost' (using password: NO) in /home/ubuntu/workspace/schoolwebsite/gbook/delete.php on line 25
[22-Oct-2018 10:20:07 UTC] PHP Stack trace:
[22-Oct-2018 10:20:07 UTC] PHP   1. {main}() /home/ubuntu/workspace/schoolwebsite/gbook/delete.php:0
[22-Oct-2018 10:20:07 UTC] PHP   2. mysql_query() /home/ubuntu/workspace/schoolwebsite/gbook/delete.php:25
[22-Oct-2018 10:20:07 UTC] PHP Warning:  mysql_query(): A link to the server could not be established in /home/ubuntu/workspace/schoolwebsite/gbook/delete.php on line 25
[22-Oct-2018 10:20:07 UTC] PHP Stack trace:
[22-Oct-2018 10:20:07 UTC] PHP   1. {main}() /home/ubuntu/workspace/schoolwebsite/gbook/delete.php:0
[22-Oct-2018 10:20:07 UTC] PHP   2. mysql_query() /home/ubuntu/workspace/schoolwebsite/gbook/delete.php:25
[22-Oct-2018 10:21:11 UTC] PHP Warning:  mysql_query(): Access denied for user ''@'localhost' (using password: NO) in /home/ubuntu/workspace/schoolwebsite/gbook/delete.php on line 25
[22-Oct-2018 10:21:11 UTC] PHP Stack trace:
[22-Oct-2018 10:21:11 UTC] PHP   1. {main}() /home/ubuntu/workspace/schoolwebsite/gbook/delete.php:0
[22-Oct-2018 10:21:11 UTC] PHP   2. mysql_query() /home/ubuntu/workspace/schoolwebsite/gbook/delete.php:25
[22-Oct-2018 10:21:11 UTC] PHP Warning:  mysql_query(): A link to the server could not be established in /home/ubuntu/workspace/schoolwebsite/gbook/delete.php on line 25
[22-Oct-2018 10:21:11 UTC] PHP Stack trace:
[22-Oct-2018 10:21:11 UTC] PHP   1. {main}() /home/ubuntu/workspace/schoolwebsite/gbook/delete.php:0
[22-Oct-2018 10:21:11 UTC] PHP   2. mysql_query() /home/ubuntu/workspace/schoolwebsite/gbook/delete.php:25
[22-Oct-2018 10:21:16 UTC] PHP Warning:  mysql_query(): Access denied for user ''@'localhost' (using password: NO) in /home/ubuntu/workspace/schoolwebsite/gbook/delete.php on line 25
[22-Oct-2018 10:21:16 UTC] PHP Stack trace:
[22-Oct-2018 10:21:16 UTC] PHP   1. {main}() /home/ubuntu/workspace/schoolwebsite/gbook/delete.php:0
[22-Oct-2018 10:21:16 UTC] PHP   2. mysql_query() /home/ubuntu/workspace/schoolwebsite/gbook/delete.php:25
[22-Oct-2018 10:21:16 UTC] PHP Warning:  mysql_query(): A link to the server could not be established in /home/ubuntu/workspace/schoolwebsite/gbook/delete.php on line 25
[22-Oct-2018 10:21:16 UTC] PHP Stack trace:
[22-Oct-2018 10:21:16 UTC] PHP   1. {main}() /home/ubuntu/workspace/schoolwebsite/gbook/delete.php:0
[22-Oct-2018 10:21:16 UTC] PHP   2. mysql_query() /home/ubuntu/workspace/schoolwebsite/gbook/delete.php:25
[22-Oct-2018 10:21:46 UTC] PHP Warning:  mysql_query(): Access denied for user ''@'localhost' (using password: NO) in /home/ubuntu/workspace/schoolwebsite/gbook/delete.php on line 25
[22-Oct-2018 10:21:46 UTC] PHP Stack trace:
[22-Oct-2018 10:21:46 UTC] PHP   1. {main}() /home/ubuntu/workspace/schoolwebsite/gbook/delete.php:0
[22-Oct-2018 10:21:46 UTC] PHP   2. mysql_query() /home/ubuntu/workspace/schoolwebsite/gbook/delete.php:25
[22-Oct-2018 10:21:46 UTC] PHP Warning:  mysql_query(): A link to the server could not be established in /home/ubuntu/workspace/schoolwebsite/gbook/delete.php on line 25
[22-Oct-2018 10:21:46 UTC] PHP Stack trace:
[22-Oct-2018 10:21:46 UTC] PHP   1. {main}() /home/ubuntu/workspace/schoolwebsite/gbook/delete.php:0
[22-Oct-2018 10:21:46 UTC] PHP   2. mysql_query() /home/ubuntu/workspace/schoolwebsite/gbook/delete.php:25
[22-Oct-2018 10:21:54 UTC] PHP Warning:  mysql_query(): Access denied for user ''@'localhost' (using password: NO) in /home/ubuntu/workspace/schoolwebsite/gbook/delete.php on line 25
[22-Oct-2018 10:21:54 UTC] PHP Stack trace:
[22-Oct-2018 10:21:54 UTC] PHP   1. {main}() /home/ubuntu/workspace/schoolwebsite/gbook/delete.php:0
[22-Oct-2018 10:21:54 UTC] PHP   2. mysql_query() /home/ubuntu/workspace/schoolwebsite/gbook/delete.php:25
[22-Oct-2018 10:21:54 UTC] PHP Warning:  mysql_query(): A link to the server could not be established in /home/ubuntu/workspace/schoolwebsite/gbook/delete.php on line 25
[22-Oct-2018 10:21:54 UTC] PHP Stack trace:
[22-Oct-2018 10:21:54 UTC] PHP   1. {main}() /home/ubuntu/workspace/schoolwebsite/gbook/delete.php:0
[22-Oct-2018 10:21:54 UTC] PHP   2. mysql_query() /home/ubuntu/workspace/schoolwebsite/gbook/delete.php:25
[22-Oct-2018 10:22:11 UTC] PHP Warning:  mysql_query(): Access denied for user ''@'localhost' (using password: NO) in /home/ubuntu/workspace/schoolwebsite/gbook/delete.php on line 25
[22-Oct-2018 10:22:11 UTC] PHP Stack trace:
[22-Oct-2018 10:22:11 UTC] PHP   1. {main}() /home/ubuntu/workspace/schoolwebsite/gbook/delete.php:0
[22-Oct-2018 10:22:11 UTC] PHP   2. mysql_query() /home/ubuntu/workspace/schoolwebsite/gbook/delete.php:25
[22-Oct-2018 10:22:11 UTC] PHP Warning:  mysql_query(): A link to the server could not be established in /home/ubuntu/workspace/schoolwebsite/gbook/delete.php on line 25
[22-Oct-2018 10:22:11 UTC] PHP Stack trace:
[22-Oct-2018 10:22:11 UTC] PHP   1. {main}() /home/ubuntu/workspace/schoolwebsite/gbook/delete.php:0
[22-Oct-2018 10:22:11 UTC] PHP   2. mysql_query() /home/ubuntu/workspace/schoolwebsite/gbook/delete.php:25
[22-Oct-2018 10:22:28 UTC] PHP Warning:  mysql_query(): Access denied for user ''@'localhost' (using password: NO) in /home/ubuntu/workspace/schoolwebsite/gbook/delete.php on line 25
[22-Oct-2018 10:22:28 UTC] PHP Stack trace:
[22-Oct-2018 10:22:28 UTC] PHP   1. {main}() /home/ubuntu/workspace/schoolwebsite/gbook/delete.php:0
[22-Oct-2018 10:22:28 UTC] PHP   2. mysql_query() /home/ubuntu/workspace/schoolwebsite/gbook/delete.php:25
[22-Oct-2018 10:22:28 UTC] PHP Warning:  mysql_query(): A link to the server could not be established in /home/ubuntu/workspace/schoolwebsite/gbook/delete.php on line 25
[22-Oct-2018 10:22:28 UTC] PHP Stack trace:
[22-Oct-2018 10:22:28 UTC] PHP   1. {main}() /home/ubuntu/workspace/schoolwebsite/gbook/delete.php:0
[22-Oct-2018 10:22:28 UTC] PHP   2. mysql_query() /home/ubuntu/workspace/schoolwebsite/gbook/delete.php:25
[22-Oct-2018 10:31:59 UTC] PHP Warning:  mysql_query(): Access denied for user ''@'localhost' (using password: NO) in /home/ubuntu/workspace/schoolwebsite/gbook/delete.php on line 20
[22-Oct-2018 10:31:59 UTC] PHP Stack trace:
[22-Oct-2018 10:31:59 UTC] PHP   1. {main}() /home/ubuntu/workspace/schoolwebsite/gbook/delete.php:0
[22-Oct-2018 10:31:59 UTC] PHP   2. mysql_query() /home/ubuntu/workspace/schoolwebsite/gbook/delete.php:20
[22-Oct-2018 10:31:59 UTC] PHP Warning:  mysql_query(): A link to the server could not be established in /home/ubuntu/workspace/schoolwebsite/gbook/delete.php on line 20
[22-Oct-2018 10:31:59 UTC] PHP Stack trace:
[22-Oct-2018 10:31:59 UTC] PHP   1. {main}() /home/ubuntu/workspace/schoolwebsite/gbook/delete.php:0
[22-Oct-2018 10:31:59 UTC] PHP   2. mysql_query() /home/ubuntu/workspace/schoolwebsite/gbook/delete.php:20
[22-Oct-2018 10:32:22 UTC] PHP Warning:  mysql_query(): Access denied for user ''@'localhost' (using password: NO) in /home/ubuntu/workspace/schoolwebsite/gbook/delete.php on line 21
[22-Oct-2018 10:32:22 UTC] PHP Stack trace:
[22-Oct-2018 10:32:22 UTC] PHP   1. {main}() /home/ubuntu/workspace/schoolwebsite/gbook/delete.php:0
[22-Oct-2018 10:32:22 UTC] PHP   2. mysql_query() /home/ubuntu/workspace/schoolwebsite/gbook/delete.php:21
[22-Oct-2018 10:32:22 UTC] PHP Warning:  mysql_query(): A link to the server could not be established in /home/ubuntu/workspace/schoolwebsite/gbook/delete.php on line 21
[22-Oct-2018 10:32:22 UTC] PHP Stack trace:
[22-Oct-2018 10:32:22 UTC] PHP   1. {main}() /home/ubuntu/workspace/schoolwebsite/gbook/delete.php:0
[22-Oct-2018 10:32:22 UTC] PHP   2. mysql_query() /home/ubuntu/workspace/schoolwebsite/gbook/delete.php:21
[22-Oct-2018 10:32:25 UTC] PHP Warning:  mysql_query(): Access denied for user ''@'localhost' (using password: NO) in /home/ubuntu/workspace/schoolwebsite/gbook/delete.php on line 21
[22-Oct-2018 10:32:25 UTC] PHP Stack trace:
[22-Oct-2018 10:32:25 UTC] PHP   1. {main}() /home/ubuntu/workspace/schoolwebsite/gbook/delete.php:0
[22-Oct-2018 10:32:25 UTC] PHP   2. mysql_query() /home/ubuntu/workspace/schoolwebsite/gbook/delete.php:21
[22-Oct-2018 10:32:25 UTC] PHP Warning:  mysql_query(): A link to the server could not be established in /home/ubuntu/workspace/schoolwebsite/gbook/delete.php on line 21
[22-Oct-2018 10:32:25 UTC] PHP Stack trace:
[22-Oct-2018 10:32:25 UTC] PHP   1. {main}() /home/ubuntu/workspace/schoolwebsite/gbook/delete.php:0
[22-Oct-2018 10:32:25 UTC] PHP   2. mysql_query() /home/ubuntu/workspace/schoolwebsite/gbook/delete.php:21
[22-Oct-2018 10:32:29 UTC] PHP Warning:  mysql_query(): Access denied for user ''@'localhost' (using password: NO) in /home/ubuntu/workspace/schoolwebsite/gbook/delete.php on line 21
[22-Oct-2018 10:32:29 UTC] PHP Stack trace:
[22-Oct-2018 10:32:29 UTC] PHP   1. {main}() /home/ubuntu/workspace/schoolwebsite/gbook/delete.php:0
[22-Oct-2018 10:32:29 UTC] PHP   2. mysql_query() /home/ubuntu/workspace/schoolwebsite/gbook/delete.php:21
[22-Oct-2018 10:32:29 UTC] PHP Warning:  mysql_query(): A link to the server could not be established in /home/ubuntu/workspace/schoolwebsite/gbook/delete.php on line 21
[22-Oct-2018 10:32:29 UTC] PHP Stack trace:
[22-Oct-2018 10:32:29 UTC] PHP   1. {main}() /home/ubuntu/workspace/schoolwebsite/gbook/delete.php:0
[22-Oct-2018 10:32:29 UTC] PHP   2. mysql_query() /home/ubuntu/workspace/schoolwebsite/gbook/delete.php:21
[22-Oct-2018 10:32:31 UTC] PHP Warning:  mysql_query(): Access denied for user ''@'localhost' (using password: NO) in /home/ubuntu/workspace/schoolwebsite/gbook/delete.php on line 21
[22-Oct-2018 10:32:31 UTC] PHP Stack trace:
[22-Oct-2018 10:32:31 UTC] PHP   1. {main}() /home/ubuntu/workspace/schoolwebsite/gbook/delete.php:0
[22-Oct-2018 10:32:31 UTC] PHP   2. mysql_query() /home/ubuntu/workspace/schoolwebsite/gbook/delete.php:21
[22-Oct-2018 10:32:31 UTC] PHP Warning:  mysql_query(): A link to the server could not be established in /home/ubuntu/workspace/schoolwebsite/gbook/delete.php on line 21
[22-Oct-2018 10:32:31 UTC] PHP Stack trace:
[22-Oct-2018 10:32:31 UTC] PHP   1. {main}() /home/ubuntu/workspace/schoolwebsite/gbook/delete.php:0
[22-Oct-2018 10:32:31 UTC] PHP   2. mysql_query() /home/ubuntu/workspace/schoolwebsite/gbook/delete.php:21
[22-Oct-2018 10:32:31 UTC] PHP Warning:  mysql_query(): Access denied for user ''@'localhost' (using password: NO) in /home/ubuntu/workspace/schoolwebsite/gbook/delete.php on line 21
[22-Oct-2018 10:32:31 UTC] PHP Stack trace:
[22-Oct-2018 10:32:31 UTC] PHP   1. {main}() /home/ubuntu/workspace/schoolwebsite/gbook/delete.php:0
[22-Oct-2018 10:32:31 UTC] PHP   2. mysql_query() /home/ubuntu/workspace/schoolwebsite/gbook/delete.php:21
[22-Oct-2018 10:32:31 UTC] PHP Warning:  mysql_query(): A link to the server could not be established in /home/ubuntu/workspace/schoolwebsite/gbook/delete.php on line 21
[22-Oct-2018 10:32:31 UTC] PHP Stack trace:
[22-Oct-2018 10:32:31 UTC] PHP   1. {main}() /home/ubuntu/workspace/schoolwebsite/gbook/delete.php:0
[22-Oct-2018 10:32:31 UTC] PHP   2. mysql_query() /home/ubuntu/workspace/schoolwebsite/gbook/delete.php:21
[22-Oct-2018 10:32:32 UTC] PHP Warning:  mysql_query(): Access denied for user ''@'localhost' (using password: NO) in /home/ubuntu/workspace/schoolwebsite/gbook/delete.php on line 21
[22-Oct-2018 10:32:32 UTC] PHP Stack trace:
[22-Oct-2018 10:32:32 UTC] PHP   1. {main}() /home/ubuntu/workspace/schoolwebsite/gbook/delete.php:0
[22-Oct-2018 10:32:32 UTC] PHP   2. mysql_query() /home/ubuntu/workspace/schoolwebsite/gbook/delete.php:21
[22-Oct-2018 10:32:32 UTC] PHP Warning:  mysql_query(): A link to the server could not be established in /home/ubuntu/workspace/schoolwebsite/gbook/delete.php on line 21
[22-Oct-2018 10:32:32 UTC] PHP Stack trace:
[22-Oct-2018 10:32:32 UTC] PHP   1. {main}() /home/ubuntu/workspace/schoolwebsite/gbook/delete.php:0
[22-Oct-2018 10:32:32 UTC] PHP   2. mysql_query() /home/ubuntu/workspace/schoolwebsite/gbook/delete.php:21
[22-Oct-2018 10:32:32 UTC] PHP Warning:  mysql_query(): Access denied for user ''@'localhost' (using password: NO) in /home/ubuntu/workspace/schoolwebsite/gbook/delete.php on line 21
[22-Oct-2018 10:32:32 UTC] PHP Stack trace:
[22-Oct-2018 10:32:32 UTC] PHP   1. {main}() /home/ubuntu/workspace/schoolwebsite/gbook/delete.php:0
[22-Oct-2018 10:32:32 UTC] PHP   2. mysql_query() /home/ubuntu/workspace/schoolwebsite/gbook/delete.php:21
[22-Oct-2018 10:32:32 UTC] PHP Warning:  mysql_query(): A link to the server could not be established in /home/ubuntu/workspace/schoolwebsite/gbook/delete.php on line 21
[22-Oct-2018 10:32:32 UTC] PHP Stack trace:
[22-Oct-2018 10:32:32 UTC] PHP   1. {main}() /home/ubuntu/workspace/schoolwebsite/gbook/delete.php:0
[22-Oct-2018 10:32:32 UTC] PHP   2. mysql_query() /home/ubuntu/workspace/schoolwebsite/gbook/delete.php:21
[22-Oct-2018 10:32:33 UTC] PHP Warning:  mysql_query(): Access denied for user ''@'localhost' (using password: NO) in /home/ubuntu/workspace/schoolwebsite/gbook/delete.php on line 21
[22-Oct-2018 10:32:33 UTC] PHP Stack trace:
[22-Oct-2018 10:32:33 UTC] PHP   1. {main}() /home/ubuntu/workspace/schoolwebsite/gbook/delete.php:0
[22-Oct-2018 10:32:33 UTC] PHP   2. mysql_query() /home/ubuntu/workspace/schoolwebsite/gbook/delete.php:21
[22-Oct-2018 10:32:33 UTC] PHP Warning:  mysql_query(): A link to the server could not be established in /home/ubuntu/workspace/schoolwebsite/gbook/delete.php on line 21
[22-Oct-2018 10:32:33 UTC] PHP Stack trace:
[22-Oct-2018 10:32:33 UTC] PHP   1. {main}() /home/ubuntu/workspace/schoolwebsite/gbook/delete.php:0
[22-Oct-2018 10:32:33 UTC] PHP   2. mysql_query() /home/ubuntu/workspace/schoolwebsite/gbook/delete.php:21
[22-Oct-2018 10:32:33 UTC] PHP Warning:  mysql_query(): Access denied for user ''@'localhost' (using password: NO) in /home/ubuntu/workspace/schoolwebsite/gbook/delete.php on line 21
[22-Oct-2018 10:32:33 UTC] PHP Stack trace:
[22-Oct-2018 10:32:33 UTC] PHP   1. {main}() /home/ubuntu/workspace/schoolwebsite/gbook/delete.php:0
[22-Oct-2018 10:32:33 UTC] PHP   2. mysql_query() /home/ubuntu/workspace/schoolwebsite/gbook/delete.php:21
[22-Oct-2018 10:32:33 UTC] PHP Warning:  mysql_query(): A link to the server could not be established in /home/ubuntu/workspace/schoolwebsite/gbook/delete.php on line 21
[22-Oct-2018 10:32:33 UTC] PHP Stack trace:
[22-Oct-2018 10:32:33 UTC] PHP   1. {main}() /home/ubuntu/workspace/schoolwebsite/gbook/delete.php:0
[22-Oct-2018 10:32:33 UTC] PHP   2. mysql_query() /home/ubuntu/workspace/schoolwebsite/gbook/delete.php:21
[22-Oct-2018 10:32:33 UTC] PHP Warning:  mysql_query(): Access denied for user ''@'localhost' (using password: NO) in /home/ubuntu/workspace/schoolwebsite/gbook/delete.php on line 21
[22-Oct-2018 10:32:33 UTC] PHP Stack trace:
[22-Oct-2018 10:32:33 UTC] PHP   1. {main}() /home/ubuntu/workspace/schoolwebsite/gbook/delete.php:0
[22-Oct-2018 10:32:33 UTC] PHP   2. mysql_query() /home/ubuntu/workspace/schoolwebsite/gbook/delete.php:21
[22-Oct-2018 10:32:33 UTC] PHP Warning:  mysql_query(): A link to the server could not be established in /home/ubuntu/workspace/schoolwebsite/gbook/delete.php on line 21
[22-Oct-2018 10:32:33 UTC] PHP Stack trace:
[22-Oct-2018 10:32:33 UTC] PHP   1. {main}() /home/ubuntu/workspace/schoolwebsite/gbook/delete.php:0
[22-Oct-2018 10:32:33 UTC] PHP   2. mysql_query() /home/ubuntu/workspace/schoolwebsite/gbook/delete.php:21
[22-Oct-2018 10:32:35 UTC] PHP Warning:  mysql_query(): Access denied for user ''@'localhost' (using password: NO) in /home/ubuntu/workspace/schoolwebsite/gbook/delete.php on line 21
[22-Oct-2018 10:32:35 UTC] PHP Stack trace:
[22-Oct-2018 10:32:35 UTC] PHP   1. {main}() /home/ubuntu/workspace/schoolwebsite/gbook/delete.php:0
[22-Oct-2018 10:32:35 UTC] PHP   2. mysql_query() /home/ubuntu/workspace/schoolwebsite/gbook/delete.php:21
[22-Oct-2018 10:32:35 UTC] PHP Warning:  mysql_query(): A link to the server could not be established in /home/ubuntu/workspace/schoolwebsite/gbook/delete.php on line 21
[22-Oct-2018 10:32:35 UTC] PHP Stack trace:
[22-Oct-2018 10:32:35 UTC] PHP   1. {main}() /home/ubuntu/workspace/schoolwebsite/gbook/delete.php:0
[22-Oct-2018 10:32:35 UTC] PHP   2. mysql_query() /home/ubuntu/workspace/schoolwebsite/gbook/delete.php:21
[22-Oct-2018 10:34:51 UTC] PHP Warning:  mysql_query(): Access denied for user ''@'localhost' (using password: NO) in /home/ubuntu/workspace/schoolwebsite/gbook/delete.php on line 20
[22-Oct-2018 10:34:51 UTC] PHP Stack trace:
[22-Oct-2018 10:34:51 UTC] PHP   1. {main}() /home/ubuntu/workspace/schoolwebsite/gbook/delete.php:0
[22-Oct-2018 10:34:51 UTC] PHP   2. mysql_query() /home/ubuntu/workspace/schoolwebsite/gbook/delete.php:20
[22-Oct-2018 10:34:51 UTC] PHP Warning:  mysql_query(): A link to the server could not be established in /home/ubuntu/workspace/schoolwebsite/gbook/delete.php on line 20
[22-Oct-2018 10:34:51 UTC] PHP Stack trace:
[22-Oct-2018 10:34:51 UTC] PHP   1. {main}() /home/ubuntu/workspace/schoolwebsite/gbook/delete.php:0
[22-Oct-2018 10:34:51 UTC] PHP   2. mysql_query() /home/ubuntu/workspace/schoolwebsite/gbook/delete.php:20
[22-Oct-2018 10:34:59 UTC] PHP Warning:  mysql_query(): Access denied for user ''@'localhost' (using password: NO) in /home/ubuntu/workspace/schoolwebsite/gbook/delete.php on line 20
[22-Oct-2018 10:34:59 UTC] PHP Stack trace:
[22-Oct-2018 10:34:59 UTC] PHP   1. {main}() /home/ubuntu/workspace/schoolwebsite/gbook/delete.php:0
[22-Oct-2018 10:34:59 UTC] PHP   2. mysql_query() /home/ubuntu/workspace/schoolwebsite/gbook/delete.php:20
[22-Oct-2018 10:34:59 UTC] PHP Warning:  mysql_query(): A link to the server could not be established in /home/ubuntu/workspace/schoolwebsite/gbook/delete.php on line 20
[22-Oct-2018 10:34:59 UTC] PHP Stack trace:
[22-Oct-2018 10:34:59 UTC] PHP   1. {main}() /home/ubuntu/workspace/schoolwebsite/gbook/delete.php:0
[22-Oct-2018 10:34:59 UTC] PHP   2. mysql_query() /home/ubuntu/workspace/schoolwebsite/gbook/delete.php:20
[22-Oct-2018 10:35:49 UTC] PHP Warning:  mysql_query(): Access denied for user ''@'localhost' (using password: NO) in /home/ubuntu/workspace/schoolwebsite/gbook/delete.php on line 20
[22-Oct-2018 10:35:49 UTC] PHP Stack trace:
[22-Oct-2018 10:35:49 UTC] PHP   1. {main}() /home/ubuntu/workspace/schoolwebsite/gbook/delete.php:0
[22-Oct-2018 10:35:49 UTC] PHP   2. mysql_query() /home/ubuntu/workspace/schoolwebsite/gbook/delete.php:20
[22-Oct-2018 10:35:49 UTC] PHP Warning:  mysql_query(): A link to the server could not be established in /home/ubuntu/workspace/schoolwebsite/gbook/delete.php on line 20
[22-Oct-2018 10:35:49 UTC] PHP Stack trace:
[22-Oct-2018 10:35:49 UTC] PHP   1. {main}() /home/ubuntu/workspace/schoolwebsite/gbook/delete.php:0
[22-Oct-2018 10:35:49 UTC] PHP   2. mysql_query() /home/ubuntu/workspace/schoolwebsite/gbook/delete.php:20
[22-Oct-2018 10:36:38 UTC] PHP Warning:  mysql_query(): Access denied for user ''@'localhost' (using password: NO) in /home/ubuntu/workspace/schoolwebsite/gbook/delete.php on line 21
[22-Oct-2018 10:36:38 UTC] PHP Stack trace:
[22-Oct-2018 10:36:38 UTC] PHP   1. {main}() /home/ubuntu/workspace/schoolwebsite/gbook/delete.php:0
[22-Oct-2018 10:36:38 UTC] PHP   2. mysql_query() /home/ubuntu/workspace/schoolwebsite/gbook/delete.php:21
[22-Oct-2018 10:36:38 UTC] PHP Warning:  mysql_query(): A link to the server could not be established in /home/ubuntu/workspace/schoolwebsite/gbook/delete.php on line 21
[22-Oct-2018 10:36:38 UTC] PHP Stack trace:
[22-Oct-2018 10:36:38 UTC] PHP   1. {main}() /home/ubuntu/workspace/schoolwebsite/gbook/delete.php:0
[22-Oct-2018 10:36:38 UTC] PHP   2. mysql_query() /home/ubuntu/workspace/schoolwebsite/gbook/delete.php:21
[22-Oct-2018 10:36:55 UTC] PHP Warning:  mysql_query(): Access denied for user ''@'localhost' (using password: NO) in /home/ubuntu/workspace/schoolwebsite/gbook/delete.php on line 21
[22-Oct-2018 10:36:55 UTC] PHP Stack trace:
[22-Oct-2018 10:36:55 UTC] PHP   1. {main}() /home/ubuntu/workspace/schoolwebsite/gbook/delete.php:0
[22-Oct-2018 10:36:55 UTC] PHP   2. mysql_query() /home/ubuntu/workspace/schoolwebsite/gbook/delete.php:21
[22-Oct-2018 10:36:55 UTC] PHP Warning:  mysql_query(): A link to the server could not be established in /home/ubuntu/workspace/schoolwebsite/gbook/delete.php on line 21
[22-Oct-2018 10:36:55 UTC] PHP Stack trace:
[22-Oct-2018 10:36:55 UTC] PHP   1. {main}() /home/ubuntu/workspace/schoolwebsite/gbook/delete.php:0
[22-Oct-2018 10:36:55 UTC] PHP   2. mysql_query() /home/ubuntu/workspace/schoolwebsite/gbook/delete.php:21
[22-Oct-2018 10:37:10 UTC] PHP Warning:  mysql_query(): Access denied for user ''@'localhost' (using password: NO) in /home/ubuntu/workspace/schoolwebsite/gbook/delete.php on line 21
[22-Oct-2018 10:37:10 UTC] PHP Stack trace:
[22-Oct-2018 10:37:10 UTC] PHP   1. {main}() /home/ubuntu/workspace/schoolwebsite/gbook/delete.php:0
[22-Oct-2018 10:37:10 UTC] PHP   2. mysql_query() /home/ubuntu/workspace/schoolwebsite/gbook/delete.php:21
[22-Oct-2018 10:37:10 UTC] PHP Warning:  mysql_query(): A link to the server could not be established in /home/ubuntu/workspace/schoolwebsite/gbook/delete.php on line 21
[22-Oct-2018 10:37:10 UTC] PHP Stack trace:
[22-Oct-2018 10:37:10 UTC] PHP   1. {main}() /home/ubuntu/workspace/schoolwebsite/gbook/delete.php:0
[22-Oct-2018 10:37:10 UTC] PHP   2. mysql_query() /home/ubuntu/workspace/schoolwebsite/gbook/delete.php:21
[22-Oct-2018 10:37:45 UTC] PHP Warning:  mysql_query() expects parameter 2 to be resource, object given in /home/ubuntu/workspace/schoolwebsite/gbook/delete.php on line 21
[22-Oct-2018 10:37:45 UTC] PHP Stack trace:
[22-Oct-2018 10:37:45 UTC] PHP   1. {main}() /home/ubuntu/workspace/schoolwebsite/gbook/delete.php:0
[22-Oct-2018 10:37:45 UTC] PHP   2. mysql_query() /home/ubuntu/workspace/schoolwebsite/gbook/delete.php:21
[22-Oct-2018 10:38:32 UTC] PHP Warning:  mysql_query() expects parameter 1 to be string, object given in /home/ubuntu/workspace/schoolwebsite/gbook/delete.php on line 21
[22-Oct-2018 10:38:32 UTC] PHP Stack trace:
[22-Oct-2018 10:38:32 UTC] PHP   1. {main}() /home/ubuntu/workspace/schoolwebsite/gbook/delete.php:0
[22-Oct-2018 10:38:32 UTC] PHP   2. mysql_query() /home/ubuntu/workspace/schoolwebsite/gbook/delete.php:21
[22-Oct-2018 10:39:39 UTC] PHP Warning:  mysql_query() expects parameter 1 to be string, object given in /home/ubuntu/workspace/schoolwebsite/gbook/delete.php on line 21
[22-Oct-2018 10:39:39 UTC] PHP Stack trace:
[22-Oct-2018 10:39:39 UTC] PHP   1. {main}() /home/ubuntu/workspace/schoolwebsite/gbook/delete.php:0
[22-Oct-2018 10:39:39 UTC] PHP   2. mysql_query() /home/ubuntu/workspace/schoolwebsite/gbook/delete.php:21
[22-Oct-2018 10:40:16 UTC] PHP Warning:  mysql_query() expects parameter 1 to be string, object given in /home/ubuntu/workspace/schoolwebsite/gbook/delete.php on line 22
[22-Oct-2018 10:40:16 UTC] PHP Stack trace:
[22-Oct-2018 10:40:16 UTC] PHP   1. {main}() /home/ubuntu/workspace/schoolwebsite/gbook/delete.php:0
[22-Oct-2018 10:40:16 UTC] PHP   2. mysql_query() /home/ubuntu/workspace/schoolwebsite/gbook/delete.php:22
[22-Oct-2018 10:44:11 UTC] PHP Warning:  mysqli_query(): Empty query in /home/ubuntu/workspace/schoolwebsite/gbook/delete.php on line 21
[22-Oct-2018 10:44:11 UTC] PHP Stack trace:
[22-Oct-2018 10:44:11 UTC] PHP   1. {main}() /home/ubuntu/workspace/schoolwebsite/gbook/delete.php:0
[22-Oct-2018 10:44:11 UTC] PHP   2. mysqli_query() /home/ubuntu/workspace/schoolwebsite/gbook/delete.php:21
[22-Oct-2018 11:30:35 UTC] PHP Parse error:  syntax error, unexpected '$i' (T_VARIABLE), expecting ';' in /home/ubuntu/workspace/schoolwebsite/gbook/gbook.php on line 49
[22-Oct-2018 12:38:48 UTC] PHP Fatal error:  Call to a member function format() on a non-object in /home/ubuntu/workspace/schoolwebsite/gbook/gbook.php on line 132
[22-Oct-2018 12:38:48 UTC] PHP Stack trace:
[22-Oct-2018 12:38:48 UTC] PHP   1. {main}() /home/ubuntu/workspace/schoolwebsite/gbook/gbook.php:0
